[0mPOST / [32m200 [0m26.513 ms - -[0m
[0mPOST / [32m200 [0m2.136 ms - -[0m
[0mPOST / [32m200 [0m0.907 ms - -[0m
[0mPOST / [32m200 [0m0.397 ms - -[0m
[0mPOST / [32m200 [0m0.410 ms - -[0m
[0mGET / [32m200 [0m4.934 ms - 1768[0m
[0mGET /assets/js/jquery-3.1.1.js [36m304 [0m4.230 ms - -[0m
[0mGET /assets/js/Keyboard.js [36m304 [0m3.669 ms - -[0m
[0mGET /assets/js/SocketController.js [36m304 [0m3.635 ms - -[0m
[0mGET / [32m200 [0m1.441 ms - 2584[0m
[0mGET /assets/js/jquery-3.1.1.js [36m304 [0m0.633 ms - -[0m
[0mGET /assets/js/Keyboard.js [36m304 [0m0.711 ms - -[0m
[0mGET /assets/js/SocketController.js [36m304 [0m0.576 ms - -[0m
[0mGET / [32m200 [0m0.555 ms - 2598[0m
[0mGET /assets/js/jquery-3.1.1.js [36m304 [0m1.551 ms - -[0m
[0mGET /assets/js/Keyboard.js [36m304 [0m2.302 ms - -[0m
[0mGET /assets/js/SocketController.js [36m304 [0m4.012 ms - -[0m
[0mPOST / [32m200 [0m2.366 ms - -[0m
[0mPOST / [32m200 [0m0.472 ms - -[0m
[0mGET / [32m200 [0m0.512 ms - 2674[0m
[0mGET /assets/js/jquery-3.1.1.js [36m304 [0m0.440 ms - -[0m
[0mGET /assets/js/Keyboard.js [36m304 [0m7.300 ms - -[0m
[0mGET /assets/js/SocketController.js [36m304 [0m7.814 ms - -[0m
[0mPOST / [32m200 [0m3.703 ms - -[0m
[0mPOST / [32m200 [0m0.694 ms - -[0m
[0mGET / [32m200 [0m8.049 ms - 2674[0m
[0mGET /assets/js/jquery-3.1.1.js [36m304 [0m7.740 ms - -[0m
[0mGET /assets/js/Keyboard.js [36m304 [0m5.213 ms - -[0m
[0mGET /assets/js/SocketController.js [36m304 [0m6.248 ms - -[0m
[0mPOST / [32m200 [0m25.093 ms - -[0m
[0mPOST / [32m200 [0m3.211 ms - -[0m
[0mGET / [32m200 [0m7.262 ms - 2674[0m
[0mGET /assets/js/jquery-3.1.1.js [36m304 [0m6.851 ms - -[0m
[0mGET /assets/js/Keyboard.js [36m304 [0m4.533 ms - -[0m
[0mGET /assets/js/SocketController.js [36m304 [0m5.127 ms - -[0m
[0mPOST / [32m200 [0m29.722 ms - 18[0m
[0mPOST / [32m200 [0m3.741 ms - 18[0m
[0mGET / [32m200 [0m1.171 ms - 2674[0m
[0mGET /assets/js/jquery-3.1.1.js [36m304 [0m0.315 ms - -[0m
[0mGET /assets/js/Keyboard.js [36m304 [0m0.655 ms - -[0m
[0mGET /assets/js/SocketController.js [36m304 [0m0.262 ms - -[0m
[0mPOST / [32m200 [0m2.464 ms - 18[0m
[0mPOST / [32m200 [0m0.625 ms - 18[0m
[0mGET / [32m200 [0m1.948 ms - 2660[0m
[0mGET /assets/js/jquery-3.1.1.js [36m304 [0m1.898 ms - -[0m
[0mGET /assets/js/Keyboard.js [36m304 [0m2.357 ms - -[0m
[0mGET /assets/js/SocketController.js [36m304 [0m1.718 ms - -[0m
[0mPOST / [32m200 [0m4.432 ms - 18[0m
[0mPOST / [32m200 [0m0.793 ms - 18[0m
[0mPOST / [32m200 [0m0.504 ms - 18[0m
[0mGET / [32m200 [0m0.726 ms - 2676[0m
[0mGET /assets/js/jquery-3.1.1.js [36m304 [0m1.672 ms - -[0m
[0mGET /assets/js/Keyboard.js [36m304 [0m0.823 ms - -[0m
[0mGET /assets/js/SocketController.js [36m304 [0m1.076 ms - -[0m
[0mPOST / [32m200 [0m2.576 ms - 18[0m
[0mGET / [32m200 [0m0.619 ms - 2676[0m
[0mGET /assets/js/jquery-3.1.1.js [36m304 [0m1.758 ms - -[0m
[0mGET /assets/js/Keyboard.js [36m304 [0m1.858 ms - -[0m
[0mGET /assets/js/SocketController.js [36m304 [0m0.934 ms - -[0m
[0mPOST / [32m200 [0m0.981 ms - 18[0m
[0mPOST / [32m200 [0m1.159 ms - 18[0m
[0mPOST / [32m200 [0m0.643 ms - 18[0m
[0mPOST / [32m200 [0m1.184 ms - 18[0m
[0mPOST / [32m200 [0m0.780 ms - 18[0m
[0mPOST / [32m200 [0m1.274 ms - 18[0m
[0mGET / [32m200 [0m0.940 ms - 2676[0m
[0mGET /assets/js/jquery-3.1.1.js [36m304 [0m7.127 ms - -[0m
[0mGET /assets/js/Keyboard.js [36m304 [0m4.289 ms - -[0m
[0mGET /assets/js/SocketController.js [36m304 [0m4.140 ms - -[0m
[0mPOST / [32m200 [0m1.339 ms - 18[0m
[0mGET /?username=hi+there [32m200 [0m1.025 ms - 2676[0m
[0mGET /assets/js/jquery-3.1.1.js [36m304 [0m1.370 ms - -[0m
[0mGET /assets/js/Keyboard.js [36m304 [0m1.618 ms - -[0m
[0mGET /assets/js/SocketController.js [36m304 [0m5.698 ms - -[0m
[0mGET / [32m200 [0m1.045 ms - 2717[0m
[0mGET /assets/js/jquery-3.1.1.js [36m304 [0m0.301 ms - -[0m
[0mGET /assets/js/Keyboard.js [36m304 [0m0.691 ms - -[0m
[0mGET /assets/js/SocketController.js [36m304 [0m0.262 ms - -[0m
[0mGET /?username=ggg [32m200 [0m0.616 ms - 2717[0m
[0mGET /assets/js/jquery-3.1.1.js [36m304 [0m0.760 ms - -[0m
[0mGET /assets/js/Keyboard.js [36m304 [0m0.242 ms - -[0m
[0mGET /assets/js/SocketController.js [36m304 [0m0.295 ms - -[0m
[0mGET /?username= [32m200 [0m0.402 ms - 2717[0m
[0mGET /assets/js/jquery-3.1.1.js [36m304 [0m0.349 ms - -[0m
[0mGET /assets/js/Keyboard.js [36m304 [0m1.801 ms - -[0m
[0mGET /assets/js/SocketController.js [36m304 [0m2.322 ms - -[0m
[0mGET /?username= [36m304 [0m0.296 ms - -[0m
[0mGET /assets/js/jquery-3.1.1.js [36m304 [0m0.280 ms - -[0m
[0mGET /assets/js/Keyboard.js [36m304 [0m0.228 ms - -[0m
[0mGET /assets/js/SocketController.js [36m304 [0m0.590 ms - -[0m
[0mGET /?username= [36m304 [0m0.344 ms - -[0m
[0mGET /assets/js/jquery-3.1.1.js [36m304 [0m9.760 ms - -[0m
[0mGET /assets/js/Keyboard.js [36m304 [0m3.906 ms - -[0m
[0mGET /assets/js/SocketController.js [36m304 [0m3.336 ms - -[0m
[0mGET / [32m200 [0m6.879 ms - 2703[0m
[0mGET /assets/js/jquery-3.1.1.js [36m304 [0m0.402 ms - -[0m
[0mGET /assets/js/Keyboard.js [36m304 [0m1.731 ms - -[0m
[0mGET /assets/js/SocketController.js [36m304 [0m1.466 ms - -[0m
[0mGET / [36m304 [0m6.242 ms - -[0m
[0mGET /assets/js/jquery-3.1.1.js [36m304 [0m3.849 ms - -[0m
[0mGET /assets/js/Keyboard.js [36m304 [0m1.981 ms - -[0m
[0mGET /assets/js/SocketController.js [36m304 [0m6.155 ms - -[0m
[0mGET / [32m200 [0m0.582 ms - 2711[0m
[0mGET /assets/js/jquery-3.1.1.js [36m304 [0m0.366 ms - -[0m
[0mGET /assets/js/Keyboard.js [36m304 [0m0.532 ms - -[0m
[0mGET /assets/js/SocketController.js [36m304 [0m0.651 ms - -[0m
[0mPOST / [32m200 [0m0.887 ms - 18[0m
[0mPOST / [32m200 [0m0.507 ms - 18[0m
[0mPOST / [32m200 [0m0.460 ms - 18[0m
[0mPOST / [32m200 [0m0.501 ms - 18[0m
[0mGET / [32m200 [0m0.583 ms - 2713[0m
[0mGET /assets/js/Keyboard.js [32m200 [0m0.494 ms - 1619[0m
[0mGET /assets/js/SocketController.js [32m200 [0m0.728 ms - 1580[0m
[0mGET /assets/js/jquery-3.1.1.js [32m200 [0m0.509 ms - 267194[0m
[0mPOST / [32m200 [0m0.691 ms - 18[0m
[0mGET /?username=sdfadf [32m200 [0m0.645 ms - 2713[0m
[0mGET /assets/js/jquery-3.1.1.js [36m304 [0m0.637 ms - -[0m
[0mGET /assets/js/Keyboard.js [36m304 [0m3.760 ms - -[0m
[0mGET /assets/js/SocketController.js [36m304 [0m2.482 ms - -[0m
[0mGET /?username=sdfadf [32m200 [0m0.419 ms - 2711[0m
[0mGET /assets/js/jquery-3.1.1.js [32m200 [0m0.672 ms - 267194[0m
[0mGET /assets/js/Keyboard.js [32m200 [0m3.338 ms - 1619[0m
[0mGET /assets/js/SocketController.js [32m200 [0m2.611 ms - 1580[0m
[0mGET / [32m200 [0m0.762 ms - 2711[0m
[0mGET /assets/js/jquery-3.1.1.js [36m304 [0m1.218 ms - -[0m
[0mGET /assets/js/Keyboard.js [36m304 [0m2.838 ms - -[0m
[0mGET /assets/js/SocketController.js [36m304 [0m3.564 ms - -[0m
[0mGET / [36m304 [0m0.442 ms - -[0m
[0mGET /assets/js/jquery-3.1.1.js [36m304 [0m0.603 ms - -[0m
[0mGET /assets/js/Keyboard.js [36m304 [0m1.202 ms - -[0m
[0mGET /assets/js/SocketController.js [36m304 [0m0.934 ms - -[0m
[0mGET / [32m200 [0m0.645 ms - 2711[0m
[0mGET /assets/js/Keyboard.js [32m200 [0m2.533 ms - 1619[0m
[0mGET /assets/js/SocketController.js [32m200 [0m9.383 ms - 1580[0m
[0mGET /assets/js/jquery-3.1.1.js [32m200 [0m2.602 ms - 267194[0m
[0mPOST / [32m200 [0m1.899 ms - 18[0m
[0mPOST / [32m200 [0m4.206 ms - 18[0m
[0mPOST / [32m200 [0m4.857 ms - 18[0m
[0mPOST / [32m200 [0m8.693 ms - 18[0m
[0mPOST / [32m200 [0m0.983 ms - 18[0m
[0mPOST / [32m200 [0m1.124 ms - 18[0m
[0mPOST / [32m200 [0m0.687 ms - 18[0m
[0mPOST / [32m200 [0m2.461 ms - 18[0m
[0mPOST / [32m200 [0m0.604 ms - 18[0m
[0mPOST / [32m200 [0m1.242 ms - 18[0m
[0mPOST / [32m200 [0m0.816 ms - 18[0m
[0mGET / [32m200 [0m1.803 ms - 2711[0m
[0mGET /assets/js/jquery-3.1.1.js [32m200 [0m1.546 ms - 267194[0m
[0mGET /assets/js/Keyboard.js [32m200 [0m1.135 ms - 1619[0m
[0mGET /assets/js/SocketController.js [32m200 [0m1.322 ms - 1580[0m
[0mGET / [32m200 [0m9.659 ms - 2712[0m
[0mGET /assets/js/jquery-3.1.1.js [32m200 [0m2.514 ms - 267194[0m
[0mGET /assets/js/Keyboard.js [32m200 [0m6.260 ms - 1619[0m
[0mGET /assets/js/SocketController.js [32m200 [0m6.799 ms - 1580[0m
[0mPOST / [32m200 [0m22.688 ms - 18[0m
[0mGET / [32m200 [0m9.053 ms - 2792[0m
[0mGET /assets/js/jquery-3.1.1.js [32m200 [0m7.302 ms - 267194[0m
[0mGET /assets/js/Keyboard.js [32m200 [0m5.573 ms - 1619[0m
[0mGET /assets/js/SocketController.js [32m200 [0m6.644 ms - 1580[0m
[0mPOST / [32m200 [0m21.776 ms - 18[0m
[0mPOST / [32m200 [0m2.080 ms - 18[0m
[0mGET / [32m200 [0m11.377 ms - 3169[0m
[0mGET /assets/js/Keyboard.js [32m200 [0m8.369 ms - 1619[0m
[0mGET /assets/js/SocketController.js [32m200 [0m9.258 ms - 1580[0m
[0mGET /assets/js/jquery-3.1.1.js [32m200 [0m9.326 ms - 267194[0m
[0mGET / [32m200 [0m0.465 ms - 3169[0m
[0mGET /assets/js/Keyboard.js [32m200 [0m2.331 ms - 1619[0m
[0mGET /assets/js/SocketController.js [32m200 [0m3.453 ms - 1580[0m
[0mGET /assets/js/jquery-3.1.1.js [32m200 [0m1.580 ms - 267194[0m
[0mPOST / [32m200 [0m21.472 ms - 18[0m
[0mPOST / [32m200 [0m1.610 ms - 18[0m
[0mPOST / [32m200 [0m0.563 ms - 18[0m
[0mGET / [32m200 [0m9.447 ms - 3169[0m
[0mGET /assets/js/jquery-3.1.1.js [36m304 [0m5.844 ms - -[0m
[0mGET /assets/js/Keyboard.js [36m304 [0m6.140 ms - -[0m
[0mGET /assets/js/SocketController.js [36m304 [0m0.450 ms - -[0m
[0mGET / [32m200 [0m1.275 ms - 3256[0m
[0mGET /assets/js/jquery-3.1.1.js [32m200 [0m1.390 ms - 267194[0m
[0mGET /assets/js/Keyboard.js [32m200 [0m2.925 ms - 1619[0m
[0mGET /assets/js/SocketController.js [32m200 [0m3.901 ms - 1580[0m
[0mPOST / [32m200 [0m22.126 ms - 18[0m
[0mPOST / [32m200 [0m1.791 ms - 18[0m
[0mGET / [32m200 [0m10.992 ms - 3302[0m
[0mGET /assets/js/jquery-3.1.1.js [32m200 [0m2.037 ms - 267194[0m
[0mGET /assets/js/Keyboard.js [32m200 [0m1.292 ms - 1619[0m
[0mGET /assets/js/SocketController.js [32m200 [0m1.123 ms - 1580[0m
[0mPOST / [32m200 [0m23.948 ms - 18[0m
[0mGET / [32m200 [0m10.166 ms - 3514[0m
[0mGET /assets/js/jquery-3.1.1.js [32m200 [0m2.097 ms - 267194[0m
[0mGET /assets/js/Keyboard.js [32m200 [0m8.148 ms - 1619[0m
[0mGET /assets/js/SocketController.js [32m200 [0m13.200 ms - 1580[0m
[0mGET / [32m200 [0m0.472 ms - 3514[0m
[0mGET /assets/js/Keyboard.js [32m200 [0m3.144 ms - 1619[0m
[0mGET /assets/js/SocketController.js [32m200 [0m3.687 ms - 1580[0m
[0mGET /assets/js/jquery-3.1.1.js [32m200 [0m1.162 ms - 267194[0m
[0mPOST / [32m200 [0m20.605 ms - 18[0m
[0mPOST / [32m200 [0m1.591 ms - 18[0m
[0mPOST / [32m200 [0m0.562 ms - 18[0m
[0mGET / [32m200 [0m10.405 ms - 3514[0m
[0mGET /assets/js/Keyboard.js [32m200 [0m3.117 ms - 1619[0m
[0mGET /assets/js/SocketController.js [32m200 [0m4.329 ms - 1580[0m
[0mGET /assets/js/jquery-3.1.1.js [32m200 [0m4.163 ms - 267194[0m
[0mPOST / [32m200 [0m21.446 ms - 18[0m
[0mPOST / [32m200 [0m1.623 ms - 18[0m
[0mPOST / [32m200 [0m0.525 ms - 18[0m
[0mGET / [32m200 [0m9.155 ms - 3514[0m
[0mGET /assets/js/Keyboard.js [32m200 [0m14.919 ms - 1619[0m
[0mGET /assets/js/SocketController.js [32m200 [0m10.655 ms - 1580[0m
[0mGET /assets/js/jquery-3.1.1.js [32m200 [0m13.250 ms - 267194[0m
[0mPOST / [32m200 [0m22.018 ms - 18[0m
[0mPOST / [33m404 [0m33.325 ms - 14[0m
[0mGET / [32m200 [0m6.574 ms - 3538[0m
[0mGET /assets/js/jquery-3.1.1.js [32m200 [0m3.644 ms - 267194[0m
[0mGET /assets/js/Keyboard.js [32m200 [0m6.592 ms - 1619[0m
[0mGET /assets/js/SocketController.js [32m200 [0m3.238 ms - 1580[0m
[0mPOST /api/createPlayer [32m200 [0m6.254 ms - 19[0m
[0mGET / [32m200 [0m9.033 ms - 3538[0m
[0mGET /assets/js/SocketController.js [32m200 [0m13.758 ms - 1580[0m
[0mGET /assets/js/Keyboard.js [32m200 [0m15.747 ms - 1619[0m
[0mGET /assets/js/jquery-3.1.1.js [32m200 [0m7.514 ms - 267194[0m
[0mPOST /api/createPlayer [0m- [0m- ms - -[0m
[0mGET / [32m200 [0m10.795 ms - 3538[0m
[0mGET /assets/js/Keyboard.js [32m200 [0m13.389 ms - 1619[0m
[0mGET /assets/js/SocketController.js [32m200 [0m18.274 ms - 1580[0m
[0mGET /assets/js/jquery-3.1.1.js [32m200 [0m6.108 ms - 267194[0m
[0mPOST /api/createPlayer [31m500 [0m22.221 ms - 1322[0m
[0mGET / [32m200 [0m10.275 ms - 3538[0m
[0mGET /assets/js/Keyboard.js [32m200 [0m7.076 ms - 1619[0m
[0mGET /assets/js/SocketController.js [32m200 [0m8.558 ms - 1580[0m
[0mGET /assets/js/jquery-3.1.1.js [32m200 [0m3.921 ms - 267194[0m
[0mPOST /api/createPlayer [0m- [0m- ms - -[0m
[0mGET / [36m304 [0m5.417 ms - -[0m
[0mGET /assets/js/jquery-3.1.1.js [36m304 [0m6.738 ms - -[0m
[0mGET /assets/js/Keyboard.js [36m304 [0m4.888 ms - -[0m
[0mGET /assets/js/SocketController.js [36m304 [0m4.927 ms - -[0m
[0mGET /favicon.ico [33m404 [0m3.269 ms - 24[0m
[0mPOST /api/createPlayer [0m- [0m- ms - -[0m
[0mPOST /api/createPlayer [0m- [0m- ms - -[0m
[0mPOST /api/createPlayer [0m- [0m- ms - -[0m
[0mPOST /api/createPlayer [31m500 [0m31.896 ms - 1391[0m
[0mPOST /api/createPlayer [0m- [0m- ms - -[0m
[0mPOST /api/createPlayer [0m- [0m- ms - -[0m
[0mPOST /api/createPlayer [0m- [0m- ms - -[0m
[0mPOST /api/createPlayer [0m- [0m- ms - -[0m
[0mPOST /api/createPlayer [0m- [0m- ms - -[0m
